<?xml version="1.0" encoding="UTF-8"?>
<testsuite name="com.example.mail.MailApplicationTests" tests="1" skipped="0" failures="0" errors="0" timestamp="2022-06-30T11:54:20" hostname="hwangseunghan-ui-MacBookPro.local" time="0.632">
  <properties/>
  <testcase name="contextLoads()" classname="com.example.mail.MailApplicationTests" time="0.632"/>
  <system-out><![CDATA[20:54:17.541 [Test worker] DEBUG org.springframework.test.context.BootstrapUtils - Instantiating CacheAwareContextLoaderDelegate from class [org.springframework.test.context.cache.DefaultCacheAwareContextLoaderDelegate]
20:54:17.555 [Test worker] DEBUG org.springframework.test.context.BootstrapUtils - Instantiating BootstrapContext using constructor [public org.springframework.test.context.support.DefaultBootstrapContext(java.lang.Class,org.springframework.test.context.CacheAwareContextLoaderDelegate)]
20:54:17.602 [Test worker] DEBUG org.springframework.test.context.BootstrapUtils - Instantiating TestContextBootstrapper for test class [com.example.mail.MailApplicationTests] from class [org.springframework.boot.test.context.SpringBootTestContextBootstrapper]
20:54:17.621 [Test worker] INFO org.springframework.boot.test.context.SpringBootTestContextBootstrapper - Neither @ContextConfiguration nor @ContextHierarchy found for test class [com.example.mail.MailApplicationTests], using SpringBootContextLoader
20:54:17.629 [Test worker] DEBUG org.springframework.test.context.support.AbstractContextLoader - Did not detect default resource location for test class [com.example.mail.MailApplicationTests]: class path resource [com/example/mail/MailApplicationTests-context.xml] does not exist
20:54:17.630 [Test worker] DEBUG org.springframework.test.context.support.AbstractContextLoader - Did not detect default resource location for test class [com.example.mail.MailApplicationTests]: class path resource [com/example/mail/MailApplicationTestsContext.groovy] does not exist
20:54:17.631 [Test worker] INFO org.springframework.test.context.support.AbstractContextLoader - Could not detect default resource locations for test class [com.example.mail.MailApplicationTests]: no resource found for suffixes {-context.xml, Context.groovy}.
20:54:17.633 [Test worker] INFO org.springframework.test.context.support.AnnotationConfigContextLoaderUtils - Could not detect default configuration classes for test class [com.example.mail.MailApplicationTests]: MailApplicationTests does not declare any static, non-private, non-final, nested classes annotated with @Configuration.
20:54:17.684 [Test worker] DEBUG org.springframework.test.context.support.ActiveProfilesUtils - Could not find an 'annotation declaring class' for annotation type [org.springframework.test.context.ActiveProfiles] and class [com.example.mail.MailApplicationTests]
20:54:17.757 [Test worker] DEBUG org.springframework.context.annotation.ClassPathScanningCandidateComponentProvider - Identified candidate component class: file [/Users/hwangseunghan/Dropbox/Mac/Documents/spring tech/mail/build/classes/java/main/com/example/mail/MailApplication.class]
20:54:17.759 [Test worker] INFO org.springframework.boot.test.context.SpringBootTestContextBootstrapper - Found @SpringBootConfiguration com.example.mail.MailApplication for test class com.example.mail.MailApplicationTests
20:54:17.870 [Test worker] DEBUG org.springframework.boot.test.context.SpringBootTestContextBootstrapper - @TestExecutionListeners is not present for class [com.example.mail.MailApplicationTests]: using defaults.
20:54:17.871 [Test worker] INFO org.springframework.boot.test.context.SpringBootTestContextBootstrapper - Loaded default TestExecutionListener class names from location [META-INF/spring.factories]: [org.springframework.boot.test.autoconfigure.restdocs.RestDocsTestExecutionListener, org.springframework.boot.test.autoconfigure.web.client.MockRestServiceServerResetTestExecutionListener, org.springframework.boot.test.autoconfigure.web.servlet.MockMvcPrintOnlyOnFailureTestExecutionListener, org.springframework.boot.test.autoconfigure.web.servlet.WebDriverTestExecutionListener, org.springframework.boot.test.autoconfigure.webservices.client.MockWebServiceServerTestExecutionListener, org.springframework.boot.test.mock.mockito.MockitoTestExecutionListener, org.springframework.boot.test.mock.mockito.ResetMocksTestExecutionListener, org.springframework.test.context.web.ServletTestExecutionListener, org.springframework.test.context.support.DirtiesContextBeforeModesTestExecutionListener, org.springframework.test.context.event.ApplicationEventsTestExecutionListener, org.springframework.test.context.support.DependencyInjectionTestExecutionListener, org.springframework.test.context.support.DirtiesContextTestExecutionListener, org.springframework.test.context.transaction.TransactionalTestExecutionListener, org.springframework.test.context.jdbc.SqlScriptsTestExecutionListener, org.springframework.test.context.event.EventPublishingTestExecutionListener]
20:54:17.900 [Test worker] DEBUG org.springframework.boot.test.context.SpringBootTestContextBootstrapper - Skipping candidate TestExecutionListener [org.springframework.test.context.transaction.TransactionalTestExecutionListener] due to a missing dependency. Specify custom listener classes or make the default listener classes and their required dependencies available. Offending class: [org/springframework/transaction/interceptor/TransactionAttributeSource]
20:54:17.900 [Test worker] DEBUG org.springframework.boot.test.context.SpringBootTestContextBootstrapper - Skipping candidate TestExecutionListener [org.springframework.test.context.jdbc.SqlScriptsTestExecutionListener] due to a missing dependency. Specify custom listener classes or make the default listener classes and their required dependencies available. Offending class: [org/springframework/transaction/interceptor/TransactionAttribute]
20:54:17.901 [Test worker] INFO org.springframework.boot.test.context.SpringBootTestContextBootstrapper - Using TestExecutionListeners: [org.springframework.test.context.web.ServletTestExecutionListener@6eeade6c, org.springframework.test.context.support.DirtiesContextBeforeModesTestExecutionListener@4a891c97, org.springframework.test.context.event.ApplicationEventsTestExecutionListener@a5bd950, org.springframework.boot.test.mock.mockito.MockitoTestExecutionListener@4d18aa28, org.springframework.boot.test.autoconfigure.SpringBootDependencyInjectionTestExecutionListener@75390459, org.springframework.test.context.support.DirtiesContextTestExecutionListener@7756c3cd, org.springframework.test.context.event.EventPublishingTestExecutionListener@2313052e, org.springframework.boot.test.autoconfigure.restdocs.RestDocsTestExecutionListener@2bd2b28e, org.springframework.boot.test.autoconfigure.web.client.MockRestServiceServerResetTestExecutionListener@16746061, org.springframework.boot.test.autoconfigure.web.servlet.MockMvcPrintOnlyOnFailureTestExecutionListener@57fd91c9, org.springframework.boot.test.autoconfigure.web.servlet.WebDriverTestExecutionListener@6cfcd46d, org.springframework.boot.test.autoconfigure.webservices.client.MockWebServiceServerTestExecutionListener@52045dbe, org.springframework.boot.test.mock.mockito.ResetMocksTestExecutionListener@674658f7]
20:54:17.905 [Test worker] DEBUG org.springframework.test.context.support.AbstractDirtiesContextTestExecutionListener - Before test class: context [DefaultTestContext@25e2a451 testClass = MailApplicationTests, testInstance = [null], testMethod = [null], testException = [null], mergedContextConfiguration = [WebMergedContextConfiguration@1698ee84 testClass = MailApplicationTests, locations = '{}', classes = '{class com.example.mail.MailApplication}', contextInitializerClasses = '[]', activeProfiles = '{}', propertySourceLocations = '{}', propertySourceProperties = '{org.springframework.boot.test.context.SpringBootTestContextBootstrapper=true}', contextCustomizers = set[org.springframework.boot.test.autoconfigure.actuate.metrics.MetricsExportContextCustomizerFactory$DisableMetricExportContextCustomizer@176b75f7, org.springframework.boot.test.autoconfigure.properties.PropertyMappingContextCustomizer@0, org.springframework.boot.test.autoconfigure.web.servlet.WebDriverContextCustomizerFactory$Customizer@436c81a3, org.springframework.boot.test.context.filter.ExcludeFilterContextCustomizer@609db546, org.springframework.boot.test.json.DuplicateJsonObjectContextCustomizerFactory$DuplicateJsonObjectContextCustomizer@341814d3, org.springframework.boot.test.mock.mockito.MockitoContextCustomizer@0, org.springframework.boot.test.web.client.TestRestTemplateContextCustomizer@20ca951f, org.springframework.boot.test.context.SpringBootTestArgs@1, org.springframework.boot.test.context.SpringBootTestWebEnvironment@2362f559], resourceBasePath = 'src/main/webapp', contextLoader = 'org.springframework.boot.test.context.SpringBootContextLoader', parent = [null]], attributes = map['org.springframework.test.context.web.ServletTestExecutionListener.activateListener' -> true]], class annotated with @DirtiesContext [false] with mode [null].

  .   ____          _            __ _ _
 /\\ / ___'_ __ _ _(_)_ __  __ _ \ \ \ \
( ( )\___ | '_ | '_| | '_ \/ _` | \ \ \ \
 \\/  ___)| |_)| | | | | || (_| |  ) ) ) )
  '  |____| .__|_| |_|_| |_\__, | / / / /
 =========|_|==============|___/=/_/_/_/
 :: Spring Boot ::                (v2.7.1)

2022-06-30 20:54:18.438  INFO 4079 --- [    Test worker] com.example.mail.MailApplicationTests    : Starting MailApplicationTests using Java 16.0.1 on hwangseunghan-ui-MacBookPro.local with PID 4079 (started by hwangseunghan in /Users/hwangseunghan/Dropbox/Mac/Documents/spring tech/mail)
2022-06-30 20:54:18.440  INFO 4079 --- [    Test worker] com.example.mail.MailApplicationTests    : No active profile set, falling back to 1 default profile: "default"
2022-06-30 20:54:19.922  WARN 4079 --- [    Test worker] ion$DefaultTemplateResolverConfiguration : Cannot find template location: classpath:/mail-templates/ (please add some templates or check your Thymeleaf configuration)
2022-06-30 20:54:20.026  INFO 4079 --- [    Test worker] com.example.mail.MailApplicationTests    : Started MailApplicationTests in 2.074 seconds (JVM running for 3.384)
]]></system-out>
  <system-err><![CDATA[]]></system-err>
</testsuite>
