<?xml version="1.0" encoding="UTF-8"?>
<testsuite name="com.example.event_queue.EventQueueApplicationTests" tests="1" skipped="0" failures="0" errors="0" timestamp="2022-06-27T07:23:03" hostname="hwangseunghan-ui-MacBookPro.local" time="0.322">
  <properties/>
  <testcase name="contextLoads()" classname="com.example.event_queue.EventQueueApplicationTests" time="0.322"/>
  <system-out><![CDATA[16:22:59.489 [Test worker] DEBUG org.springframework.test.context.BootstrapUtils - Instantiating CacheAwareContextLoaderDelegate from class [org.springframework.test.context.cache.DefaultCacheAwareContextLoaderDelegate]
16:22:59.508 [Test worker] DEBUG org.springframework.test.context.BootstrapUtils - Instantiating BootstrapContext using constructor [public org.springframework.test.context.support.DefaultBootstrapContext(java.lang.Class,org.springframework.test.context.CacheAwareContextLoaderDelegate)]
16:22:59.554 [Test worker] DEBUG org.springframework.test.context.BootstrapUtils - Instantiating TestContextBootstrapper for test class [com.example.event_queue.EventQueueApplicationTests] from class [org.springframework.boot.test.context.SpringBootTestContextBootstrapper]
16:22:59.579 [Test worker] INFO org.springframework.boot.test.context.SpringBootTestContextBootstrapper - Neither @ContextConfiguration nor @ContextHierarchy found for test class [com.example.event_queue.EventQueueApplicationTests], using SpringBootContextLoader
16:22:59.584 [Test worker] DEBUG org.springframework.test.context.support.AbstractContextLoader - Did not detect default resource location for test class [com.example.event_queue.EventQueueApplicationTests]: class path resource [com/example/event_queue/EventQueueApplicationTests-context.xml] does not exist
16:22:59.585 [Test worker] DEBUG org.springframework.test.context.support.AbstractContextLoader - Did not detect default resource location for test class [com.example.event_queue.EventQueueApplicationTests]: class path resource [com/example/event_queue/EventQueueApplicationTestsContext.groovy] does not exist
16:22:59.586 [Test worker] INFO org.springframework.test.context.support.AbstractContextLoader - Could not detect default resource locations for test class [com.example.event_queue.EventQueueApplicationTests]: no resource found for suffixes {-context.xml, Context.groovy}.
16:22:59.587 [Test worker] INFO org.springframework.test.context.support.AnnotationConfigContextLoaderUtils - Could not detect default configuration classes for test class [com.example.event_queue.EventQueueApplicationTests]: EventQueueApplicationTests does not declare any static, non-private, non-final, nested classes annotated with @Configuration.
16:22:59.640 [Test worker] DEBUG org.springframework.test.context.support.ActiveProfilesUtils - Could not find an 'annotation declaring class' for annotation type [org.springframework.test.context.ActiveProfiles] and class [com.example.event_queue.EventQueueApplicationTests]
16:22:59.710 [Test worker] DEBUG org.springframework.context.annotation.ClassPathScanningCandidateComponentProvider - Identified candidate component class: file [/Users/hwangseunghan/Dropbox/Mac/Documents/spring tech/event_queue/build/classes/java/main/com/example/event_queue/EventQueueApplication.class]
16:22:59.711 [Test worker] INFO org.springframework.boot.test.context.SpringBootTestContextBootstrapper - Found @SpringBootConfiguration com.example.event_queue.EventQueueApplication for test class com.example.event_queue.EventQueueApplicationTests
16:22:59.831 [Test worker] DEBUG org.springframework.boot.test.context.SpringBootTestContextBootstrapper - @TestExecutionListeners is not present for class [com.example.event_queue.EventQueueApplicationTests]: using defaults.
16:22:59.832 [Test worker] INFO org.springframework.boot.test.context.SpringBootTestContextBootstrapper - Loaded default TestExecutionListener class names from location [META-INF/spring.factories]: [org.springframework.boot.test.autoconfigure.restdocs.RestDocsTestExecutionListener, org.springframework.boot.test.autoconfigure.web.client.MockRestServiceServerResetTestExecutionListener, org.springframework.boot.test.autoconfigure.web.servlet.MockMvcPrintOnlyOnFailureTestExecutionListener, org.springframework.boot.test.autoconfigure.web.servlet.WebDriverTestExecutionListener, org.springframework.boot.test.autoconfigure.webservices.client.MockWebServiceServerTestExecutionListener, org.springframework.boot.test.mock.mockito.MockitoTestExecutionListener, org.springframework.boot.test.mock.mockito.ResetMocksTestExecutionListener, org.springframework.test.context.web.ServletTestExecutionListener, org.springframework.test.context.support.DirtiesContextBeforeModesTestExecutionListener, org.springframework.test.context.event.ApplicationEventsTestExecutionListener, org.springframework.test.context.support.DependencyInjectionTestExecutionListener, org.springframework.test.context.support.DirtiesContextTestExecutionListener, org.springframework.test.context.transaction.TransactionalTestExecutionListener, org.springframework.test.context.jdbc.SqlScriptsTestExecutionListener, org.springframework.test.context.event.EventPublishingTestExecutionListener]
16:22:59.867 [Test worker] INFO org.springframework.boot.test.context.SpringBootTestContextBootstrapper - Using TestExecutionListeners: [org.springframework.test.context.web.ServletTestExecutionListener@5c3b6c6e, org.springframework.test.context.support.DirtiesContextBeforeModesTestExecutionListener@4fbda97b, org.springframework.test.context.event.ApplicationEventsTestExecutionListener@75f5fd58, org.springframework.boot.test.mock.mockito.MockitoTestExecutionListener@37b70343, org.springframework.boot.test.autoconfigure.SpringBootDependencyInjectionTestExecutionListener@306851c7, org.springframework.test.context.support.DirtiesContextTestExecutionListener@12bcd0c0, org.springframework.test.context.transaction.TransactionalTestExecutionListener@4879f0f2, org.springframework.test.context.jdbc.SqlScriptsTestExecutionListener@47db5fa5, org.springframework.test.context.event.EventPublishingTestExecutionListener@354fc8f0, org.springframework.boot.test.autoconfigure.restdocs.RestDocsTestExecutionListener@41813449, org.springframework.boot.test.autoconfigure.web.client.MockRestServiceServerResetTestExecutionListener@4678a2eb, org.springframework.boot.test.autoconfigure.web.servlet.MockMvcPrintOnlyOnFailureTestExecutionListener@5b43fbf6, org.springframework.boot.test.autoconfigure.web.servlet.WebDriverTestExecutionListener@1080b026, org.springframework.boot.test.autoconfigure.webservices.client.MockWebServiceServerTestExecutionListener@58ebfd03, org.springframework.boot.test.mock.mockito.ResetMocksTestExecutionListener@5b07730f]
16:22:59.871 [Test worker] DEBUG org.springframework.test.context.support.AbstractDirtiesContextTestExecutionListener - Before test class: context [DefaultTestContext@4bef0fe3 testClass = EventQueueApplicationTests, testInstance = [null], testMethod = [null], testException = [null], mergedContextConfiguration = [WebMergedContextConfiguration@62ea3440 testClass = EventQueueApplicationTests, locations = '{}', classes = '{class com.example.event_queue.EventQueueApplication}', contextInitializerClasses = '[]', activeProfiles = '{}', propertySourceLocations = '{}', propertySourceProperties = '{org.springframework.boot.test.context.SpringBootTestContextBootstrapper=true}', contextCustomizers = set[org.springframework.boot.test.autoconfigure.actuate.metrics.MetricsExportContextCustomizerFactory$DisableMetricExportContextCustomizer@37e4d7bb, org.springframework.boot.test.autoconfigure.properties.PropertyMappingContextCustomizer@0, org.springframework.boot.test.autoconfigure.web.servlet.WebDriverContextCustomizerFactory$Customizer@73d983ea, org.springframework.boot.test.context.filter.ExcludeFilterContextCustomizer@5a3bc7ed, org.springframework.boot.test.json.DuplicateJsonObjectContextCustomizerFactory$DuplicateJsonObjectContextCustomizer@291f18, org.springframework.boot.test.mock.mockito.MockitoContextCustomizer@0, org.springframework.boot.test.web.client.TestRestTemplateContextCustomizer@6d167f58, org.springframework.boot.test.context.SpringBootTestArgs@1, org.springframework.boot.test.context.SpringBootTestWebEnvironment@58a9760d], resourceBasePath = 'src/main/webapp', contextLoader = 'org.springframework.boot.test.context.SpringBootContextLoader', parent = [null]], attributes = map['org.springframework.test.context.web.ServletTestExecutionListener.activateListener' -> true]], class annotated with @DirtiesContext [false] with mode [null].

  .   ____          _            __ _ _
 /\\ / ___'_ __ _ _(_)_ __  __ _ \ \ \ \
( ( )\___ | '_ | '_| | '_ \/ _` | \ \ \ \
 \\/  ___)| |_)| | | | | || (_| |  ) ) ) )
  '  |____| .__|_| |_|_| |_\__, | / / / /
 =========|_|==============|___/=/_/_/_/
 :: Spring Boot ::                (v2.7.1)

2022-06-27 16:23:00.236  INFO 10400 --- [    Test worker] c.e.e.EventQueueApplicationTests         : Starting EventQueueApplicationTests using Java 16.0.1 on hwangseunghan-ui-MacBookPro.local with PID 10400 (started by hwangseunghan in /Users/hwangseunghan/Dropbox/Mac/Documents/spring tech/event_queue)
2022-06-27 16:23:00.237  INFO 10400 --- [    Test worker] c.e.e.EventQueueApplicationTests         : No active profile set, falling back to 1 default profile: "default"
2022-06-27 16:23:00.963  INFO 10400 --- [    Test worker] .s.d.r.c.RepositoryConfigurationDelegate : Bootstrapping Spring Data JPA repositories in DEFAULT mode.
2022-06-27 16:23:00.980  INFO 10400 --- [    Test worker] .s.d.r.c.RepositoryConfigurationDelegate : Finished Spring Data repository scanning in 5 ms. Found 0 JPA repository interfaces.
2022-06-27 16:23:01.514  INFO 10400 --- [    Test worker] com.zaxxer.hikari.HikariDataSource       : HikariPool-1 - Starting...
2022-06-27 16:23:01.761  INFO 10400 --- [    Test worker] com.zaxxer.hikari.HikariDataSource       : HikariPool-1 - Start completed.
2022-06-27 16:23:01.839  INFO 10400 --- [    Test worker] o.hibernate.jpa.internal.util.LogHelper  : HHH000204: Processing PersistenceUnitInfo [name: default]
2022-06-27 16:23:01.913  INFO 10400 --- [    Test worker] org.hibernate.Version                    : HHH000412: Hibernate ORM core version 5.6.9.Final
2022-06-27 16:23:02.163  INFO 10400 --- [    Test worker] o.hibernate.annotations.common.Version   : HCANN000001: Hibernate Commons Annotations {5.1.2.Final}
2022-06-27 16:23:02.317  INFO 10400 --- [    Test worker] org.hibernate.dialect.Dialect            : HHH000400: Using dialect: org.hibernate.dialect.H2Dialect
2022-06-27 16:23:02.542  INFO 10400 --- [    Test worker] o.h.e.t.j.p.i.JtaPlatformInitiator       : HHH000490: Using JtaPlatform implementation: [org.hibernate.engine.transaction.jta.platform.internal.NoJtaPlatform]
2022-06-27 16:23:02.552  INFO 10400 --- [    Test worker] j.LocalContainerEntityManagerFactoryBean : Initialized JPA EntityManagerFactory for persistence unit 'default'
2022-06-27 16:23:02.771  WARN 10400 --- [    Test worker] JpaBaseConfiguration$JpaWebConfiguration : spring.jpa.open-in-view is enabled by default. Therefore, database queries may be performed during view rendering. Explicitly configure spring.jpa.open-in-view to disable this warning
2022-06-27 16:23:03.324  INFO 10400 --- [    Test worker] c.e.e.EventQueueApplicationTests         : Started EventQueueApplicationTests in 3.404 seconds (JVM running for 4.818)
]]></system-out>
  <system-err><![CDATA[]]></system-err>
</testsuite>
